<?xml version="1.0" encoding="UTF-8"?>
<testsuite xmlns:xsi="http://www.w3.org/2001/XMLSchema-instance" xsi:noNamespaceSchemaLocation="https://maven.apache.org/surefire/maven-surefire-plugin/xsd/surefire-test-report-3.0.xsd" version="3.0" name="com.Felipe.app.FelipeApplicationTests" time="7.258" tests="1" errors="0" skipped="0" failures="0">
  <properties>
[...]
</properties>
  <testcase name="contextLoads" classname="com.Felipe.app.FelipeApplicationTests" time="1.326">
    <system-out><![CDATA[14:27:55.215 [main] INFO org.springframework.test.context.support.AnnotationConfigContextLoaderUtils -- Could not detect default configuration classes for test class [com.Felipe.app.FelipeApplicationTests]: FelipeApplicationTests does not declare any static, non-private, non-final, nested classes annotated with @Configuration.
14:27:55.364 [main] INFO org.springframework.boot.test.context.SpringBootTestContextBootstrapper -- Found @SpringBootConfiguration com.Felipe.app.FelipeApplication for test class com.Felipe.app.FelipeApplicationTests

  .   ____          _            __ _ _
 /\\ / ___'_ __ _ _(_)_ __  __ _ \ \ \ \
( ( )\___ | '_ | '_| | '_ \/ _` | \ \ \ \
 \\/  ___)| |_)| | | | | || (_| |  ) ) ) )
  '  |____| .__|_| |_|_| |_\__, | / / / /
 =========|_|==============|___/=/_/_/_/
 :: Spring Boot ::                (v3.1.4)

2023-10-22T14:27:55.990-05:00  INFO 8148 --- [           main] c.p.app.FelipeApplicationTests     : Starting FelipeApplicationTests using Java 17.0.8.1 with PID 8148 (started by Asus in C:\TrabajosSpring\Felipe)
2023-10-22T14:27:55.992-05:00  INFO 8148 --- [           main] c.p.app.FelipeApplicationTests     : No active profile set, falling back to 1 default profile: "default"
2023-10-22T14:27:56.925-05:00  INFO 8148 --- [           main] .s.d.r.c.RepositoryConfigurationDelegate : Bootstrapping Spring Data MongoDB repositories in DEFAULT mode.
2023-10-22T14:27:57.025-05:00  INFO 8148 --- [           main] .s.d.r.c.RepositoryConfigurationDelegate : Finished Spring Data repository scanning in 91 ms. Found 3 MongoDB repository interfaces.
2023-10-22T14:27:57.809-05:00  INFO 8148 --- [           main] org.mongodb.driver.client                : MongoClient with metadata {"driver": {"name": "mongo-java-driver|sync|spring-boot", "version": "4.9.1"}, "os": {"type": "Windows", "name": "Windows 11", "architecture": "amd64", "version": "10.0"}, "platform": "Java/Eclipse Adoptium/17.0.8.1+1"} created with settings MongoClientSettings{readPreference=primary, writeConcern=WriteConcern{w=null, wTimeout=null ms, journal=null}, retryWrites=true, retryReads=true, readConcern=ReadConcern{level=null}, credential=MongoCredential{mechanism=null, userName='oscar', source='admin', password=<hidden>, mechanismProperties=<hidden>}, streamFactoryFactory=null, commandListeners=[], codecRegistry=ProvidersCodecRegistry{codecProviders=[ValueCodecProvider{}, BsonValueCodecProvider{}, DBRefCodecProvider{}, DBObjectCodecProvider{}, DocumentCodecProvider{}, CollectionCodecProvider{}, IterableCodecProvider{}, MapCodecProvider{}, GeoJsonCodecProvider{}, GridFSFileCodecProvider{}, Jsr310CodecProvider{}, JsonObjectCodecProvider{}, BsonCodecProvider{}, EnumCodecProvider{}, com.mongodb.client.model.mql.ExpressionCodecProvider@43cb5f38, com.mongodb.Jep395RecordCodecProvider@6435fa1c]}, loggerSettings=LoggerSettings{maxDocumentLength=1000}, clusterSettings={hosts=[127.0.0.1:27017], srvHost=clusteroscarp.lruvf6b.mongodb.net, srvServiceName=mongodb, mode=MULTIPLE, requiredClusterType=REPLICA_SET, requiredReplicaSetName='atlas-w60tdf-shard-0', serverSelector='null', clusterListeners='[]', serverSelectionTimeout='30000 ms', localThreshold='30000 ms'}, socketSettings=SocketSettings{connectTimeoutMS=10000, readTimeoutMS=0, receiveBufferSize=0, sendBufferSize=0}, heartbeatSocketSettings=SocketSettings{connectTimeoutMS=10000, readTimeoutMS=10000, receiveBufferSize=0, sendBufferSize=0}, connectionPoolSettings=ConnectionPoolSettings{maxSize=100, minSize=0, maxWaitTimeMS=120000, maxConnectionLifeTimeMS=0, maxConnectionIdleTimeMS=0, maintenanceInitialDelayMS=0, maintenanceFrequencyMS=60000, connectionPoolListeners=[], maxConnecting=2}, serverSettings=ServerSettings{heartbeatFrequencyMS=10000, minHeartbeatFrequencyMS=500, serverListeners='[]', serverMonitorListeners='[]'}, sslSettings=SslSettings{enabled=true, invalidHostNameAllowed=false, context=null}, applicationName='null', compressorList=[], uuidRepresentation=JAVA_LEGACY, serverApi=null, autoEncryptionSettings=null, contextProvider=null}
2023-10-22T14:27:57.848-05:00  INFO 8148 --- [f6b.mongodb.net] org.mongodb.driver.cluster               : Adding discovered server ac-2ifkqma-shard-00-02.lruvf6b.mongodb.net:27017 to client view of cluster
2023-10-22T14:27:57.881-05:00  INFO 8148 --- [f6b.mongodb.net] org.mongodb.driver.cluster               : Adding discovered server ac-2ifkqma-shard-00-01.lruvf6b.mongodb.net:27017 to client view of cluster
2023-10-22T14:27:57.883-05:00  INFO 8148 --- [f6b.mongodb.net] org.mongodb.driver.cluster               : Adding discovered server ac-2ifkqma-shard-00-00.lruvf6b.mongodb.net:27017 to client view of cluster
2023-10-22T14:27:59.761-05:00  INFO 8148 --- [ngodb.net:27017] org.mongodb.driver.cluster               : Monitor thread successfully connected to server with description ServerDescription{address=ac-2ifkqma-shard-00-01.lruvf6b.mongodb.net:27017, type=REPLICA_SET_PRIMARY, state=CONNECTED, ok=true, minWireVersion=0, maxWireVersion=17, maxDocumentSize=16777216, logicalSessionTimeoutMinutes=30, roundTripTimeNanos=1128241500, setName='atlas-w60tdf-shard-0', canonicalAddress=ac-2ifkqma-shard-00-01.lruvf6b.mongodb.net:27017, hosts=[ac-2ifkqma-shard-00-02.lruvf6b.mongodb.net:27017, ac-2ifkqma-shard-00-00.lruvf6b.mongodb.net:27017, ac-2ifkqma-shard-00-01.lruvf6b.mongodb.net:27017], passives=[], arbiters=[], primary='ac-2ifkqma-shard-00-01.lruvf6b.mongodb.net:27017', tagSet=TagSet{[Tag{name='nodeType', value='ELECTABLE'}, Tag{name='provider', value='AWS'}, Tag{name='region', value='SA_EAST_1'}, Tag{name='workloadType', value='OPERATIONAL'}]}, electionId=7fffffff000000000000004d, setVersion=2, topologyVersion=TopologyVersion{processId=6532be12c7d4b57e0fa4fcd8, counter=6}, lastWriteDate=Sun Oct 22 14:27:59 COT 2023, lastUpdateTimeNanos=397095667571600}
2023-10-22T14:27:59.761-05:00  INFO 8148 --- [ngodb.net:27017] org.mongodb.driver.cluster               : Monitor thread successfully connected to server with description ServerDescription{address=ac-2ifkqma-shard-00-00.lruvf6b.mongodb.net:27017, type=REPLICA_SET_SECONDARY, state=CONNECTED, ok=true, minWireVersion=0, maxWireVersion=17, maxDocumentSize=16777216, logicalSessionTimeoutMinutes=30, roundTripTimeNanos=1085861000, setName='atlas-w60tdf-shard-0', canonicalAddress=ac-2ifkqma-shard-00-00.lruvf6b.mongodb.net:27017, hosts=[ac-2ifkqma-shard-00-02.lruvf6b.mongodb.net:27017, ac-2ifkqma-shard-00-00.lruvf6b.mongodb.net:27017, ac-2ifkqma-shard-00-01.lruvf6b.mongodb.net:27017], passives=[], arbiters=[], primary='ac-2ifkqma-shard-00-01.lruvf6b.mongodb.net:27017', tagSet=TagSet{[Tag{name='nodeType', value='ELECTABLE'}, Tag{name='provider', value='AWS'}, Tag{name='region', value='SA_EAST_1'}, Tag{name='workloadType', value='OPERATIONAL'}]}, electionId=null, setVersion=2, topologyVersion=TopologyVersion{processId=6532bc408394f486b622483a, counter=4}, lastWriteDate=Sun Oct 22 14:27:59 COT 2023, lastUpdateTimeNanos=397095667571200}
2023-10-22T14:27:59.761-05:00  INFO 8148 --- [ngodb.net:27017] org.mongodb.driver.cluster               : Monitor thread successfully connected to server with description ServerDescription{address=ac-2ifkqma-shard-00-02.lruvf6b.mongodb.net:27017, type=REPLICA_SET_SECONDARY, state=CONNECTED, ok=true, minWireVersion=0, maxWireVersion=17, maxDocumentSize=16777216, logicalSessionTimeoutMinutes=30, roundTripTimeNanos=1130773100, setName='atlas-w60tdf-shard-0', canonicalAddress=ac-2ifkqma-shard-00-02.lruvf6b.mongodb.net:27017, hosts=[ac-2ifkqma-shard-00-02.lruvf6b.mongodb.net:27017, ac-2ifkqma-shard-00-00.lruvf6b.mongodb.net:27017, ac-2ifkqma-shard-00-01.lruvf6b.mongodb.net:27017], passives=[], arbiters=[], primary='ac-2ifkqma-shard-00-01.lruvf6b.mongodb.net:27017', tagSet=TagSet{[Tag{name='nodeType', value='ELECTABLE'}, Tag{name='provider', value='AWS'}, Tag{name='region', value='SA_EAST_1'}, Tag{name='workloadType', value='OPERATIONAL'}]}, electionId=null, setVersion=2, topologyVersion=TopologyVersion{processId=6532bfd48ea18c48cc8e2866, counter=3}, lastWriteDate=Sun Oct 22 14:27:59 COT 2023, lastUpdateTimeNanos=397095667575000}
2023-10-22T14:27:59.778-05:00  INFO 8148 --- [ngodb.net:27017] org.mongodb.driver.cluster               : Discovered replica set primary ac-2ifkqma-shard-00-01.lruvf6b.mongodb.net:27017 with max election id 7fffffff000000000000004d and max set version 2
2023-10-22T14:28:00.848-05:00  INFO 8148 --- [           main] c.p.app.FelipeApplicationTests     : Started FelipeApplicationTests in 5.225 seconds (process running for 6.818)
]]></system-out>
  </testcase>
</testsuite>