<?xml version="1.0" encoding="UTF-8"?>
<testsuite xmlns:xsi="http://www.w3.org/2001/XMLSchema-instance" xsi:noNamespaceSchemaLocation="https://maven.apache.org/surefire/maven-surefire-plugin/xsd/surefire-test-report-3.0.xsd" version="3.0" name="com.Felipe.app.FelipeApplicationTests" time="27.004" tests="1" errors="0" skipped="0" failures="0">
  <properties>
[...]
</properties>
  <testcase name="contextLoads" classname="com.Felipe.app.FelipeApplicationTests" time="4.703">
    <system-out><![CDATA[18:49:51.110 [main] INFO org.springframework.test.context.support.AnnotationConfigContextLoaderUtils -- Could not detect default configuration classes for test class [com.Felipe.app.FelipeApplicationTests]: FelipeApplicationTests does not declare any static, non-private, non-final, nested classes annotated with @Configuration.
18:49:51.837 [main] INFO org.springframework.boot.test.context.SpringBootTestContextBootstrapper -- Found @SpringBootConfiguration com.Felipe.app.FelipeApplication for test class com.Felipe.app.FelipeApplicationTests

  .   ____          _            __ _ _
 /\\ / ___'_ __ _ _(_)_ __  __ _ \ \ \ \
( ( )\___ | '_ | '_| | '_ \/ _` | \ \ \ \
 \\/  ___)| |_)| | | | | || (_| |  ) ) ) )
  '  |____| .__|_| |_|_| |_\__, | / / / /
 =========|_|==============|___/=/_/_/_/
 :: Spring Boot ::                (v3.1.4)

2024-04-29T18:49:55.405-05:00  INFO 8996 --- [           main] c.P.app.FelipeApplicationTests     : Starting FelipeApplicationTests using Java 17.0.10 with PID 8996 (started by Usuario in C:\Users\Usuario\Desktop\Felipe)
2024-04-29T18:49:55.419-05:00  INFO 8996 --- [           main] c.P.app.FelipeApplicationTests     : No active profile set, falling back to 1 default profile: "default"
2024-04-29T18:50:00.600-05:00  INFO 8996 --- [           main] .s.d.r.c.RepositoryConfigurationDelegate : Bootstrapping Spring Data MongoDB repositories in DEFAULT mode.
2024-04-29T18:50:01.105-05:00  INFO 8996 --- [           main] .s.d.r.c.RepositoryConfigurationDelegate : Finished Spring Data repository scanning in 460 ms. Found 3 MongoDB repository interfaces.
2024-04-29T18:50:04.882-05:00  INFO 8996 --- [x5p.mongodb.net] org.mongodb.driver.cluster               : Adding discovered server ac-pczbgl9-shard-00-02.4ly8x5p.mongodb.net:27017 to client view of cluster
2024-04-29T18:50:04.993-05:00  INFO 8996 --- [           main] org.mongodb.driver.client                : MongoClient with metadata {"driver": {"name": "mongo-java-driver|sync|spring-boot", "version": "4.9.1"}, "os": {"type": "Windows", "name": "Windows 10", "architecture": "amd64", "version": "10.0"}, "platform": "Java/Eclipse Adoptium/17.0.10+7"} created with settings MongoClientSettings{readPreference=primary, writeConcern=WriteConcern{w=null, wTimeout=null ms, journal=null}, retryWrites=true, retryReads=true, readConcern=ReadConcern{level=null}, credential=MongoCredential{mechanism=null, userName='camilo', source='admin', password=<hidden>, mechanismProperties=<hidden>}, streamFactoryFactory=null, commandListeners=[], codecRegistry=ProvidersCodecRegistry{codecProviders=[ValueCodecProvider{}, BsonValueCodecProvider{}, DBRefCodecProvider{}, DBObjectCodecProvider{}, DocumentCodecProvider{}, CollectionCodecProvider{}, IterableCodecProvider{}, MapCodecProvider{}, GeoJsonCodecProvider{}, GridFSFileCodecProvider{}, Jsr310CodecProvider{}, JsonObjectCodecProvider{}, BsonCodecProvider{}, EnumCodecProvider{}, com.mongodb.client.model.mql.ExpressionCodecProvider@4c51077d, com.mongodb.Jep395RecordCodecProvider@5974b7e8]}, loggerSettings=LoggerSettings{maxDocumentLength=1000}, clusterSettings={hosts=[127.0.0.1:27017], srvHost=saber.4ly8x5p.mongodb.net, srvServiceName=mongodb, mode=MULTIPLE, requiredClusterType=REPLICA_SET, requiredReplicaSetName='atlas-wwr76l-shard-0', serverSelector='null', clusterListeners='[]', serverSelectionTimeout='30000 ms', localThreshold='30000 ms'}, socketSettings=SocketSettings{connectTimeoutMS=10000, readTimeoutMS=0, receiveBufferSize=0, sendBufferSize=0}, heartbeatSocketSettings=SocketSettings{connectTimeoutMS=10000, readTimeoutMS=10000, receiveBufferSize=0, sendBufferSize=0}, connectionPoolSettings=ConnectionPoolSettings{maxSize=100, minSize=0, maxWaitTimeMS=120000, maxConnectionLifeTimeMS=0, maxConnectionIdleTimeMS=0, maintenanceInitialDelayMS=0, maintenanceFrequencyMS=60000, connectionPoolListeners=[], maxConnecting=2}, serverSettings=ServerSettings{heartbeatFrequencyMS=10000, minHeartbeatFrequencyMS=500, serverListeners='[]', serverMonitorListeners='[]'}, sslSettings=SslSettings{enabled=true, invalidHostNameAllowed=false, context=null}, applicationName='null', compressorList=[], uuidRepresentation=JAVA_LEGACY, serverApi=null, autoEncryptionSettings=null, contextProvider=null}
2024-04-29T18:50:05.069-05:00  INFO 8996 --- [x5p.mongodb.net] org.mongodb.driver.cluster               : Adding discovered server ac-pczbgl9-shard-00-01.4ly8x5p.mongodb.net:27017 to client view of cluster
2024-04-29T18:50:05.075-05:00  INFO 8996 --- [x5p.mongodb.net] org.mongodb.driver.cluster               : Adding discovered server ac-pczbgl9-shard-00-00.4ly8x5p.mongodb.net:27017 to client view of cluster
2024-04-29T18:50:08.580-05:00  INFO 8996 --- [ngodb.net:27017] org.mongodb.driver.cluster               : Monitor thread successfully connected to server with description ServerDescription{address=ac-pczbgl9-shard-00-00.4ly8x5p.mongodb.net:27017, type=REPLICA_SET_SECONDARY, state=CONNECTED, ok=true, minWireVersion=0, maxWireVersion=21, maxDocumentSize=16777216, logicalSessionTimeoutMinutes=30, roundTripTimeNanos=1431751400, setName='atlas-wwr76l-shard-0', canonicalAddress=ac-pczbgl9-shard-00-00.4ly8x5p.mongodb.net:27017, hosts=[ac-pczbgl9-shard-00-00.4ly8x5p.mongodb.net:27017, ac-pczbgl9-shard-00-01.4ly8x5p.mongodb.net:27017, ac-pczbgl9-shard-00-02.4ly8x5p.mongodb.net:27017], passives=[], arbiters=[], primary='ac-pczbgl9-shard-00-02.4ly8x5p.mongodb.net:27017', tagSet=TagSet{[Tag{name='availabilityZone', value='sae1-az1'}, Tag{name='diskState', value='READY'}, Tag{name='nodeType', value='ELECTABLE'}, Tag{name='provider', value='AWS'}, Tag{name='region', value='SA_EAST_1'}, Tag{name='workloadType', value='OPERATIONAL'}]}, electionId=null, setVersion=3, topologyVersion=TopologyVersion{processId=6622b2f9b3e09fbdde4a72a0, counter=4}, lastWriteDate=Mon Apr 29 18:50:08 COT 2024, lastUpdateTimeNanos=199888622948400}
2024-04-29T18:50:08.589-05:00  INFO 8996 --- [ngodb.net:27017] org.mongodb.driver.cluster               : Monitor thread successfully connected to server with description ServerDescription{address=ac-pczbgl9-shard-00-02.4ly8x5p.mongodb.net:27017, type=REPLICA_SET_PRIMARY, state=CONNECTED, ok=true, minWireVersion=0, maxWireVersion=21, maxDocumentSize=16777216, logicalSessionTimeoutMinutes=30, roundTripTimeNanos=1428935800, setName='atlas-wwr76l-shard-0', canonicalAddress=ac-pczbgl9-shard-00-02.4ly8x5p.mongodb.net:27017, hosts=[ac-pczbgl9-shard-00-00.4ly8x5p.mongodb.net:27017, ac-pczbgl9-shard-00-01.4ly8x5p.mongodb.net:27017, ac-pczbgl9-shard-00-02.4ly8x5p.mongodb.net:27017], passives=[], arbiters=[], primary='ac-pczbgl9-shard-00-02.4ly8x5p.mongodb.net:27017', tagSet=TagSet{[Tag{name='availabilityZone', value='sae1-az2'}, Tag{name='diskState', value='READY'}, Tag{name='nodeType', value='ELECTABLE'}, Tag{name='provider', value='AWS'}, Tag{name='region', value='SA_EAST_1'}, Tag{name='workloadType', value='OPERATIONAL'}]}, electionId=7fffffff000000000000004d, setVersion=3, topologyVersion=TopologyVersion{processId=6622b591e6ace95ff7e05476, counter=6}, lastWriteDate=Mon Apr 29 18:50:08 GMT-05:00 2024, lastUpdateTimeNanos=199888620404500}
2024-04-29T18:50:08.600-05:00  INFO 8996 --- [ngodb.net:27017] org.mongodb.driver.cluster               : Discovered replica set primary ac-pczbgl9-shard-00-02.4ly8x5p.mongodb.net:27017 with max election id 7fffffff000000000000004d and max set version 3
2024-04-29T18:50:08.608-05:00  INFO 8996 --- [ngodb.net:27017] org.mongodb.driver.cluster               : Monitor thread successfully connected to server with description ServerDescription{address=ac-pczbgl9-shard-00-01.4ly8x5p.mongodb.net:27017, type=REPLICA_SET_SECONDARY, state=CONNECTED, ok=true, minWireVersion=0, maxWireVersion=21, maxDocumentSize=16777216, logicalSessionTimeoutMinutes=30, roundTripTimeNanos=1430810800, setName='atlas-wwr76l-shard-0', canonicalAddress=ac-pczbgl9-shard-00-01.4ly8x5p.mongodb.net:27017, hosts=[ac-pczbgl9-shard-00-00.4ly8x5p.mongodb.net:27017, ac-pczbgl9-shard-00-01.4ly8x5p.mongodb.net:27017, ac-pczbgl9-shard-00-02.4ly8x5p.mongodb.net:27017], passives=[], arbiters=[], primary='ac-pczbgl9-shard-00-02.4ly8x5p.mongodb.net:27017', tagSet=TagSet{[Tag{name='availabilityZone', value='sae1-az3'}, Tag{name='diskState', value='READY'}, Tag{name='nodeType', value='ELECTABLE'}, Tag{name='provider', value='AWS'}, Tag{name='region', value='SA_EAST_1'}, Tag{name='workloadType', value='OPERATIONAL'}]}, electionId=null, setVersion=3, topologyVersion=TopologyVersion{processId=6622b7ab411f13c12f51f9f8, counter=3}, lastWriteDate=Mon Apr 29 18:50:08 GMT-05:00 2024, lastUpdateTimeNanos=199888622931900}
2024-04-29T18:50:11.935-05:00  INFO 8996 --- [           main] c.P.app.FelipeApplicationTests     : Started FelipeApplicationTests in 18.815 seconds (process running for 26.844)
]]></system-out>
  </testcase>
</testsuite>