<?xml version="1.0" encoding="UTF-8"?>
<testsuite xmlns:xsi="http://www.w3.org/2001/XMLSchema-instance" xsi:noNamespaceSchemaLocation="https://maven.apache.org/surefire/maven-surefire-plugin/xsd/surefire-test-report-3.0.xsd" version="3.0" name="com.Felipe.app.FelipeApplicationTests" time="31.966" tests="1" errors="0" skipped="0" failures="0">
  <properties>
[...]
</properties>
  <testcase name="contextLoads" classname="com.Felipe.app.FelipeApplicationTests" time="6.829">
    <system-out><![CDATA[19:37:23.874 [main] INFO org.springframework.test.context.support.AnnotationConfigContextLoaderUtils -- Could not detect default configuration classes for test class [com.Felipe.app.FelipeApplicationTests]: FelipeApplicationTests does not declare any static, non-private, non-final, nested classes annotated with @Configuration.
19:37:25.004 [main] INFO org.springframework.boot.test.context.SpringBootTestContextBootstrapper -- Found @SpringBootConfiguration com.Felipe.app.FelipeApplication for test class com.Felipe.app.FelipeApplicationTests

  .   ____          _            __ _ _
 /\\ / ___'_ __ _ _(_)_ __  __ _ \ \ \ \
( ( )\___ | '_ | '_| | '_ \/ _` | \ \ \ \
 \\/  ___)| |_)| | | | | || (_| |  ) ) ) )
  '  |____| .__|_| |_|_| |_\__, | / / / /
 =========|_|==============|___/=/_/_/_/
 :: Spring Boot ::                (v3.1.4)

2024-05-02T19:37:29.443-05:00  INFO 14492 --- [           main] com.Felipe.app.FelipeApplicationTests    : Starting FelipeApplicationTests using Java 17.0.10 with PID 14492 (started by Usuario in C:\Users\Usuario\Desktop\Felipe)
2024-05-02T19:37:29.492-05:00  INFO 14492 --- [           main] com.Felipe.app.FelipeApplicationTests    : No active profile set, falling back to 1 default profile: "default"
2024-05-02T19:37:35.466-05:00  INFO 14492 --- [           main] .s.d.r.c.RepositoryConfigurationDelegate : Bootstrapping Spring Data MongoDB repositories in DEFAULT mode.
2024-05-02T19:37:35.924-05:00  INFO 14492 --- [           main] .s.d.r.c.RepositoryConfigurationDelegate : Finished Spring Data repository scanning in 428 ms. Found 3 MongoDB repository interfaces.
2024-05-02T19:37:39.335-05:00  INFO 14492 --- [oen.mongodb.net] org.mongodb.driver.cluster               : Adding discovered server ac-2ly1sjv-shard-00-01.0j3loen.mongodb.net:27017 to client view of cluster
2024-05-02T19:37:39.521-05:00  INFO 14492 --- [           main] org.mongodb.driver.client                : MongoClient with metadata {"driver": {"name": "mongo-java-driver|sync|spring-boot", "version": "4.9.1"}, "os": {"type": "Windows", "name": "Windows 10", "architecture": "amd64", "version": "10.0"}, "platform": "Java/Eclipse Adoptium/17.0.10+7"} created with settings MongoClientSettings{readPreference=primary, writeConcern=WriteConcern{w=null, wTimeout=null ms, journal=null}, retryWrites=true, retryReads=true, readConcern=ReadConcern{level=null}, credential=MongoCredential{mechanism=null, userName='felipe', source='admin', password=<hidden>, mechanismProperties=<hidden>}, streamFactoryFactory=null, commandListeners=[], codecRegistry=ProvidersCodecRegistry{codecProviders=[ValueCodecProvider{}, BsonValueCodecProvider{}, DBRefCodecProvider{}, DBObjectCodecProvider{}, DocumentCodecProvider{}, CollectionCodecProvider{}, IterableCodecProvider{}, MapCodecProvider{}, GeoJsonCodecProvider{}, GridFSFileCodecProvider{}, Jsr310CodecProvider{}, JsonObjectCodecProvider{}, BsonCodecProvider{}, EnumCodecProvider{}, com.mongodb.client.model.mql.ExpressionCodecProvider@66bf40e5, com.mongodb.Jep395RecordCodecProvider@2291d9a0]}, loggerSettings=LoggerSettings{maxDocumentLength=1000}, clusterSettings={hosts=[127.0.0.1:27017], srvHost=empresariales.0j3loen.mongodb.net, srvServiceName=mongodb, mode=MULTIPLE, requiredClusterType=REPLICA_SET, requiredReplicaSetName='atlas-q009fz-shard-0', serverSelector='null', clusterListeners='[]', serverSelectionTimeout='30000 ms', localThreshold='30000 ms'}, socketSettings=SocketSettings{connectTimeoutMS=10000, readTimeoutMS=0, receiveBufferSize=0, sendBufferSize=0}, heartbeatSocketSettings=SocketSettings{connectTimeoutMS=10000, readTimeoutMS=10000, receiveBufferSize=0, sendBufferSize=0}, connectionPoolSettings=ConnectionPoolSettings{maxSize=100, minSize=0, maxWaitTimeMS=120000, maxConnectionLifeTimeMS=0, maxConnectionIdleTimeMS=0, maintenanceInitialDelayMS=0, maintenanceFrequencyMS=60000, connectionPoolListeners=[], maxConnecting=2}, serverSettings=ServerSettings{heartbeatFrequencyMS=10000, minHeartbeatFrequencyMS=500, serverListeners='[]', serverMonitorListeners='[]'}, sslSettings=SslSettings{enabled=true, invalidHostNameAllowed=false, context=null}, applicationName='null', compressorList=[], uuidRepresentation=JAVA_LEGACY, serverApi=null, autoEncryptionSettings=null, contextProvider=null}
2024-05-02T19:37:39.566-05:00  INFO 14492 --- [oen.mongodb.net] org.mongodb.driver.cluster               : Adding discovered server ac-2ly1sjv-shard-00-00.0j3loen.mongodb.net:27017 to client view of cluster
2024-05-02T19:37:39.572-05:00  INFO 14492 --- [oen.mongodb.net] org.mongodb.driver.cluster               : Adding discovered server ac-2ly1sjv-shard-00-02.0j3loen.mongodb.net:27017 to client view of cluster
2024-05-02T19:37:42.691-05:00  INFO 14492 --- [ngodb.net:27017] org.mongodb.driver.cluster               : Monitor thread successfully connected to server with description ServerDescription{address=ac-2ly1sjv-shard-00-01.0j3loen.mongodb.net:27017, type=REPLICA_SET_SECONDARY, state=CONNECTED, ok=true, minWireVersion=0, maxWireVersion=21, maxDocumentSize=16777216, logicalSessionTimeoutMinutes=30, roundTripTimeNanos=1391475000, setName='atlas-q009fz-shard-0', canonicalAddress=ac-2ly1sjv-shard-00-01.0j3loen.mongodb.net:27017, hosts=[ac-2ly1sjv-shard-00-02.0j3loen.mongodb.net:27017, ac-2ly1sjv-shard-00-00.0j3loen.mongodb.net:27017, ac-2ly1sjv-shard-00-01.0j3loen.mongodb.net:27017], passives=[], arbiters=[], primary='ac-2ly1sjv-shard-00-02.0j3loen.mongodb.net:27017', tagSet=TagSet{[Tag{name='availabilityZone', value='use1-az1'}, Tag{name='diskState', value='READY'}, Tag{name='nodeType', value='ELECTABLE'}, Tag{name='provider', value='AWS'}, Tag{name='region', value='US_EAST_1'}, Tag{name='workloadType', value='OPERATIONAL'}]}, electionId=null, setVersion=12, topologyVersion=TopologyVersion{processId=66338446320b6e062bc6c4db, counter=3}, lastWriteDate=Thu May 02 19:37:42 COT 2024, lastUpdateTimeNanos=461966441027400}
2024-05-02T19:37:42.694-05:00  INFO 14492 --- [ngodb.net:27017] org.mongodb.driver.cluster               : Monitor thread successfully connected to server with description ServerDescription{address=ac-2ly1sjv-shard-00-00.0j3loen.mongodb.net:27017, type=REPLICA_SET_SECONDARY, state=CONNECTED, ok=true, minWireVersion=0, maxWireVersion=21, maxDocumentSize=16777216, logicalSessionTimeoutMinutes=30, roundTripTimeNanos=1384044500, setName='atlas-q009fz-shard-0', canonicalAddress=ac-2ly1sjv-shard-00-00.0j3loen.mongodb.net:27017, hosts=[ac-2ly1sjv-shard-00-02.0j3loen.mongodb.net:27017, ac-2ly1sjv-shard-00-00.0j3loen.mongodb.net:27017, ac-2ly1sjv-shard-00-01.0j3loen.mongodb.net:27017], passives=[], arbiters=[], primary='ac-2ly1sjv-shard-00-02.0j3loen.mongodb.net:27017', tagSet=TagSet{[Tag{name='availabilityZone', value='use1-az6'}, Tag{name='diskState', value='READY'}, Tag{name='nodeType', value='ELECTABLE'}, Tag{name='provider', value='AWS'}, Tag{name='region', value='US_EAST_1'}, Tag{name='workloadType', value='OPERATIONAL'}]}, electionId=null, setVersion=12, topologyVersion=TopologyVersion{processId=6633827c2e2dfee442e019fd, counter=4}, lastWriteDate=Thu May 02 19:37:42 COT 2024, lastUpdateTimeNanos=461966433349900}
2024-05-02T19:37:42.698-05:00  INFO 14492 --- [ngodb.net:27017] org.mongodb.driver.cluster               : Monitor thread successfully connected to server with description ServerDescription{address=ac-2ly1sjv-shard-00-02.0j3loen.mongodb.net:27017, type=REPLICA_SET_PRIMARY, state=CONNECTED, ok=true, minWireVersion=0, maxWireVersion=21, maxDocumentSize=16777216, logicalSessionTimeoutMinutes=30, roundTripTimeNanos=1405646400, setName='atlas-q009fz-shard-0', canonicalAddress=ac-2ly1sjv-shard-00-02.0j3loen.mongodb.net:27017, hosts=[ac-2ly1sjv-shard-00-02.0j3loen.mongodb.net:27017, ac-2ly1sjv-shard-00-00.0j3loen.mongodb.net:27017, ac-2ly1sjv-shard-00-01.0j3loen.mongodb.net:27017], passives=[], arbiters=[], primary='ac-2ly1sjv-shard-00-02.0j3loen.mongodb.net:27017', tagSet=TagSet{[Tag{name='availabilityZone', value='use1-az2'}, Tag{name='diskState', value='READY'}, Tag{name='nodeType', value='ELECTABLE'}, Tag{name='provider', value='AWS'}, Tag{name='region', value='US_EAST_1'}, Tag{name='workloadType', value='OPERATIONAL'}]}, electionId=7fffffff0000000000000111, setVersion=12, topologyVersion=TopologyVersion{processId=66338065b371ac97ae407670, counter=6}, lastWriteDate=Thu May 02 19:37:42 COT 2024, lastUpdateTimeNanos=461966439935500}
2024-05-02T19:37:42.721-05:00  INFO 14492 --- [ngodb.net:27017] org.mongodb.driver.cluster               : Discovered replica set primary ac-2ly1sjv-shard-00-02.0j3loen.mongodb.net:27017 with max election id 7fffffff0000000000000111 and max set version 12
2024-05-02T19:37:42.789-05:00  WARN 14492 --- [           main] ocalVariableTableParameterNameDiscoverer : Using deprecated '-debug' fallback for parameter name resolution. Compile the affected code with '-parameters' instead or avoid its introspection: com.Felipe.app.repository.CalificacionRepository
2024-05-02T19:37:43.114-05:00  WARN 14492 --- [           main] ocalVariableTableParameterNameDiscoverer : Using deprecated '-debug' fallback for parameter name resolution. Compile the affected code with '-parameters' instead or avoid its introspection: com.Felipe.app.repository.EstudianteRepository
2024-05-02T19:37:43.201-05:00  WARN 14492 --- [           main] ocalVariableTableParameterNameDiscoverer : Using deprecated '-debug' fallback for parameter name resolution. Compile the affected code with '-parameters' instead or avoid its introspection: com.Felipe.app.repository.CoordinadorRepository
2024-05-02T19:37:47.201-05:00  INFO 14492 --- [           main] com.Felipe.app.FelipeApplicationTests    : Started FelipeApplicationTests in 20.757 seconds (process running for 28.783)
]]></system-out>
  </testcase>
</testsuite>